<?xml version="1.0" encoding="UTF-8"?>
<coverage generated="1591290467905" clover="3.2.0">
  <project timestamp="1591290467905" name="All files">
    <metrics statements="38" coveredstatements="32" conditionals="6" coveredconditionals="4" methods="19" coveredmethods="12" elements="63" coveredelements="48" complexity="0" loc="38" ncloc="38" packages="1" files="5" classes="5"/>
    <file name="Pet.js" path="D:\wamp64\www\js\reactjs\pets-app\src\Pet.js">
      <metrics statements="4" coveredstatements="4" conditionals="2" coveredconditionals="1" methods="1" coveredmethods="1"/>
      <line num="9" count="20" type="stmt"/>
      <line num="10" count="20" type="cond" truecount="1" falsecount="1"/>
      <line num="11" count="20" type="stmt"/>
      <line num="14" count="20" type="stmt"/>
    </file>
    <file name="Results.js" path="D:\wamp64\www\js\reactjs\pets-app\src\Results.js">
      <metrics statements="2" coveredstatements="2" conditionals="2" coveredconditionals="2" methods="2" coveredmethods="2"/>
      <line num="5" count="3" type="stmt"/>
      <line num="11" count="20" type="stmt"/>
    </file>
    <file name="SearchParams.js" path="D:\wamp64\www\js\reactjs\pets-app\src\SearchParams.js">
      <metrics statements="22" coveredstatements="18" conditionals="2" coveredconditionals="1" methods="10" coveredmethods="6"/>
      <line num="8" count="3" type="stmt"/>
      <line num="10" count="3" type="stmt"/>
      <line num="11" count="3" type="stmt"/>
      <line num="12" count="3" type="stmt"/>
      <line num="13" count="3" type="stmt"/>
      <line num="14" count="3" type="stmt"/>
      <line num="16" count="3" type="stmt"/>
      <line num="19" count="3" type="stmt"/>
      <line num="20" count="1" type="stmt"/>
      <line num="21" count="1" type="stmt"/>
      <line num="28" count="1" type="cond" truecount="1" falsecount="1"/>
      <line num="33" count="3" type="stmt"/>
      <line num="34" count="1" type="stmt"/>
      <line num="35" count="1" type="stmt"/>
      <line num="38" count="1" type="stmt"/>
      <line num="40" count="7" type="stmt"/>
      <line num="41" count="1" type="stmt"/>
      <line num="43" count="0" type="stmt"/>
      <line num="47" count="3" type="stmt"/>
      <line num="59" count="0" type="stmt"/>
      <line num="92" count="0" type="stmt"/>
      <line num="93" count="0" type="stmt"/>
    </file>
    <file name="ThemeContext.js" path="D:\wamp64\www\js\reactjs\pets-app\src\ThemeContext.js">
      <metrics statements="1" coveredstatements="1" conditionals="0" coveredconditionals="0" methods="1" coveredmethods="0"/>
      <line num="4" count="1" type="stmt"/>
    </file>
    <file name="useDropdown.js" path="D:\wamp64\www\js\reactjs\pets-app\src\useDropdown.js">
      <metrics statements="9" coveredstatements="7" conditionals="0" coveredconditionals="0" methods="5" coveredmethods="3"/>
      <line num="4" count="1" type="stmt"/>
      <line num="5" count="6" type="stmt"/>
      <line num="6" count="6" type="stmt"/>
      <line num="9" count="6" type="stmt"/>
      <line num="10" count="6" type="stmt"/>
      <line num="17" count="0" type="stmt"/>
      <line num="18" count="0" type="stmt"/>
      <line num="23" count="23" type="stmt"/>
      <line num="31" count="6" type="stmt"/>
    </file>
  </project>
</coverage>
