{"D:\\wamp64\\www\\js\\reactjs\\pets-app\\src\\Pet.js": {"path":"D:\\wamp64\\www\\js\\reactjs\\pets-app\\src\\Pet.js","statementMap":{"0":{"start":{"line":9,"column":13},"end":{"line":9,"column":44}},"1":{"start":{"line":10,"column":2},"end":{"line":12,"column":3}},"2":{"start":{"line":11,"column":4},"end":{"line":11,"column":26}},"3":{"start":{"line":14,"column":2},"end":{"line":26,"column":4}}},"fnMap":{"0":{"name":"Pet","decl":{"start":{"line":8,"column":24},"end":{"line":8,"column":27}},"loc":{"start":{"line":8,"column":74},"end":{"line":27,"column":1}},"line":8}},"branchMap":{"0":{"loc":{"start":{"line":10,"column":2},"end":{"line":12,"column":3}},"type":"if","locations":[{"start":{"line":10,"column":2},"end":{"line":12,"column":3}},{"start":{"line":10,"column":2},"end":{"line":12,"column":3}}],"line":10}},"s":{"0":20,"1":20,"2":20,"3":20},"f":{"0":20},"b":{"0":[20,0]},"_coverageSchema":"1a1c01bbd47fc00a2c39e90264f33305004495a9","hash":"fd78e1910bc24eec005449b8407a81d4d073117e"}
,"D:\\wamp64\\www\\js\\reactjs\\pets-app\\src\\Results.js": {"path":"D:\\wamp64\\www\\js\\reactjs\\pets-app\\src\\Results.js","statementMap":{"0":{"start":{"line":5,"column":2},"end":{"line":23,"column":4}},"1":{"start":{"line":11,"column":10},"end":{"line":19,"column":13}}},"fnMap":{"0":{"name":"Results","decl":{"start":{"line":4,"column":24},"end":{"line":4,"column":31}},"loc":{"start":{"line":4,"column":42},"end":{"line":24,"column":1}},"line":4},"1":{"name":"(anonymous_1)","decl":{"start":{"line":10,"column":17},"end":{"line":10,"column":18}},"loc":{"start":{"line":10,"column":26},"end":{"line":20,"column":9}},"line":10}},"branchMap":{"0":{"loc":{"start":{"line":7,"column":7},"end":{"line":21,"column":7}},"type":"cond-expr","locations":[{"start":{"line":8,"column":8},"end":{"line":8,"column":30}},{"start":{"line":10,"column":8},"end":{"line":20,"column":10}}],"line":7}},"s":{"0":3,"1":20},"f":{"0":3,"1":20},"b":{"0":[2,1]},"_coverageSchema":"1a1c01bbd47fc00a2c39e90264f33305004495a9","hash":"a23526d01a1be6e9f0762e20d99cbf9bbed975fb"}
,"D:\\wamp64\\www\\js\\reactjs\\pets-app\\src\\SearchParams.js": {"path":"D:\\wamp64\\www\\js\\reactjs\\pets-app\\src\\SearchParams.js","statementMap":{"0":{"start":{"line":8,"column":34},"end":{"line":8,"column":58}},"1":{"start":{"line":10,"column":30},"end":{"line":10,"column":42}},"2":{"start":{"line":11,"column":35},"end":{"line":11,"column":72}},"3":{"start":{"line":12,"column":43},"end":{"line":12,"column":75}},"4":{"start":{"line":13,"column":26},"end":{"line":13,"column":38}},"5":{"start":{"line":14,"column":28},"end":{"line":14,"column":52}},"6":{"start":{"line":16,"column":22},"end":{"line":16,"column":37}},"7":{"start":{"line":19,"column":26},"end":{"line":30,"column":3}},"8":{"start":{"line":20,"column":4},"end":{"line":20,"column":23}},"9":{"start":{"line":21,"column":4},"end":{"line":29,"column":9}},"10":{"start":{"line":28,"column":8},"end":{"line":28,"column":31}},"11":{"start":{"line":33,"column":2},"end":{"line":45,"column":36}},"12":{"start":{"line":34,"column":4},"end":{"line":34,"column":18}},"13":{"start":{"line":35,"column":4},"end":{"line":35,"column":17}},"14":{"start":{"line":38,"column":4},"end":{"line":44,"column":6}},"15":{"start":{"line":40,"column":29},"end":{"line":40,"column":63}},"16":{"start":{"line":40,"column":58},"end":{"line":40,"column":62}},"17":{"start":{"line":41,"column":8},"end":{"line":41,"column":32}},"18":{"start":{"line":43,"column":17},"end":{"line":43,"column":37}},"19":{"start":{"line":47,"column":2},"end":{"line":109,"column":4}},"20":{"start":{"line":59,"column":33},"end":{"line":59,"column":60}},"21":{"start":{"line":92,"column":33},"end":{"line":92,"column":57}},"22":{"start":{"line":93,"column":31},"end":{"line":93,"column":55}}},"fnMap":{"0":{"name":"SearchParams","decl":{"start":{"line":7,"column":24},"end":{"line":7,"column":36}},"loc":{"start":{"line":7,"column":39},"end":{"line":110,"column":1}},"line":7},"1":{"name":"(anonymous_1)","decl":{"start":{"line":19,"column":26},"end":{"line":19,"column":27}},"loc":{"start":{"line":19,"column":33},"end":{"line":30,"column":3}},"line":19},"2":{"name":"(anonymous_2)","decl":{"start":{"line":27,"column":12},"end":{"line":27,"column":13}},"loc":{"start":{"line":27,"column":29},"end":{"line":29,"column":7}},"line":27},"3":{"name":"(anonymous_3)","decl":{"start":{"line":33,"column":12},"end":{"line":33,"column":13}},"loc":{"start":{"line":33,"column":18},"end":{"line":45,"column":3}},"line":33},"4":{"name":"(anonymous_4)","decl":{"start":{"line":39,"column":6},"end":{"line":39,"column":7}},"loc":{"start":{"line":39,"column":15},"end":{"line":42,"column":7}},"line":39},"5":{"name":"(anonymous_5)","decl":{"start":{"line":40,"column":44},"end":{"line":40,"column":45}},"loc":{"start":{"line":40,"column":58},"end":{"line":40,"column":62}},"line":40},"6":{"name":"(anonymous_6)","decl":{"start":{"line":43,"column":6},"end":{"line":43,"column":7}},"loc":{"start":{"line":43,"column":17},"end":{"line":43,"column":37}},"line":43},"7":{"name":"(anonymous_7)","decl":{"start":{"line":59,"column":26},"end":{"line":59,"column":27}},"loc":{"start":{"line":59,"column":33},"end":{"line":59,"column":60}},"line":59},"8":{"name":"(anonymous_8)","decl":{"start":{"line":92,"column":26},"end":{"line":92,"column":27}},"loc":{"start":{"line":92,"column":33},"end":{"line":92,"column":57}},"line":92},"9":{"name":"(anonymous_9)","decl":{"start":{"line":93,"column":24},"end":{"line":93,"column":25}},"loc":{"start":{"line":93,"column":31},"end":{"line":93,"column":55}},"line":93}},"branchMap":{"0":{"loc":{"start":{"line":28,"column":16},"end":{"line":28,"column":29}},"type":"binary-expr","locations":[{"start":{"line":28,"column":16},"end":{"line":28,"column":23}},{"start":{"line":28,"column":27},"end":{"line":28,"column":29}}],"line":28}},"s":{"0":3,"1":3,"2":3,"3":3,"4":3,"5":3,"6":3,"7":3,"8":1,"9":1,"10":1,"11":3,"12":1,"13":1,"14":1,"15":1,"16":7,"17":1,"18":0,"19":3,"20":0,"21":0,"22":0},"f":{"0":3,"1":1,"2":1,"3":1,"4":1,"5":7,"6":0,"7":0,"8":0,"9":0},"b":{"0":[1,0]},"_coverageSchema":"1a1c01bbd47fc00a2c39e90264f33305004495a9","hash":"6882a1f9826fdf9adaa15f5095dc02e86df243f9"}
,"D:\\wamp64\\www\\js\\reactjs\\pets-app\\src\\ThemeContext.js": {"path":"D:\\wamp64\\www\\js\\reactjs\\pets-app\\src\\ThemeContext.js","statementMap":{"0":{"start":{"line":4,"column":28},"end":{"line":4,"column":68}}},"fnMap":{"0":{"name":"(anonymous_0)","decl":{"start":{"line":4,"column":58},"end":{"line":4,"column":59}},"loc":{"start":{"line":4,"column":64},"end":{"line":4,"column":66}},"line":4}},"branchMap":{},"s":{"0":1},"f":{"0":0},"b":{},"_coverageSchema":"1a1c01bbd47fc00a2c39e90264f33305004495a9","hash":"91765bc247a7a319a160f6d7ab0af19d5787a0ee"}
,"D:\\wamp64\\www\\js\\reactjs\\pets-app\\src\\useDropdown.js": {"path":"D:\\wamp64\\www\\js\\reactjs\\pets-app\\src\\useDropdown.js","statementMap":{"0":{"start":{"line":4,"column":20},"end":{"line":32,"column":1}},"1":{"start":{"line":5,"column":28},"end":{"line":5,"column":50}},"2":{"start":{"line":6,"column":13},"end":{"line":6,"column":67}},"3":{"start":{"line":9,"column":19},"end":{"line":29,"column":3}},"4":{"start":{"line":10,"column":4},"end":{"line":28,"column":12}},"5":{"start":{"line":17,"column":25},"end":{"line":17,"column":49}},"6":{"start":{"line":18,"column":23},"end":{"line":18,"column":47}},"7":{"start":{"line":23,"column":10},"end":{"line":25,"column":19}},"8":{"start":{"line":31,"column":2},"end":{"line":31,"column":37}}},"fnMap":{"0":{"name":"(anonymous_0)","decl":{"start":{"line":4,"column":20},"end":{"line":4,"column":21}},"loc":{"start":{"line":4,"column":54},"end":{"line":32,"column":1}},"line":4},"1":{"name":"(anonymous_1)","decl":{"start":{"line":9,"column":19},"end":{"line":9,"column":20}},"loc":{"start":{"line":10,"column":4},"end":{"line":28,"column":12}},"line":10},"2":{"name":"(anonymous_2)","decl":{"start":{"line":17,"column":18},"end":{"line":17,"column":19}},"loc":{"start":{"line":17,"column":25},"end":{"line":17,"column":49}},"line":17},"3":{"name":"(anonymous_3)","decl":{"start":{"line":18,"column":16},"end":{"line":18,"column":17}},"loc":{"start":{"line":18,"column":23},"end":{"line":18,"column":47}},"line":18},"4":{"name":"(anonymous_4)","decl":{"start":{"line":22,"column":21},"end":{"line":22,"column":22}},"loc":{"start":{"line":23,"column":10},"end":{"line":25,"column":19}},"line":23}},"branchMap":{},"s":{"0":1,"1":6,"2":6,"3":6,"4":6,"5":0,"6":0,"7":23,"8":6},"f":{"0":6,"1":6,"2":0,"3":0,"4":23},"b":{},"_coverageSchema":"1a1c01bbd47fc00a2c39e90264f33305004495a9","hash":"0e2df415b2b55781a71fa049e2d40fcdda7e5ded"}
}
