TN:
SF:src\Pet.js
FN:8,Pet
FNF:1
FNH:1
FNDA:20,Pet
DA:9,20
DA:10,20
DA:11,20
DA:14,20
LF:4
LH:4
BRDA:10,0,0,20
BRDA:10,0,1,0
BRF:2
BRH:1
end_of_record
TN:
SF:src\Results.js
FN:4,Results
FN:10,(anonymous_1)
FNF:2
FNH:2
FNDA:3,Results
FNDA:20,(anonymous_1)
DA:5,3
DA:11,20
LF:2
LH:2
BRDA:7,0,0,2
BRDA:7,0,1,1
BRF:2
BRH:2
end_of_record
TN:
SF:src\SearchParams.js
FN:7,SearchParams
FN:19,(anonymous_1)
FN:27,(anonymous_2)
FN:33,(anonymous_3)
FN:39,(anonymous_4)
FN:40,(anonymous_5)
FN:43,(anonymous_6)
FN:59,(anonymous_7)
FN:92,(anonymous_8)
FN:93,(anonymous_9)
FNF:10
FNH:6
FNDA:3,SearchParams
FNDA:1,(anonymous_1)
FNDA:1,(anonymous_2)
FNDA:1,(anonymous_3)
FNDA:1,(anonymous_4)
FNDA:7,(anonymous_5)
FNDA:0,(anonymous_6)
FNDA:0,(anonymous_7)
FNDA:0,(anonymous_8)
FNDA:0,(anonymous_9)
DA:8,3
DA:10,3
DA:11,3
DA:12,3
DA:13,3
DA:14,3
DA:16,3
DA:19,3
DA:20,1
DA:21,1
DA:28,1
DA:33,3
DA:34,1
DA:35,1
DA:38,1
DA:40,7
DA:41,1
DA:43,0
DA:47,3
DA:59,0
DA:92,0
DA:93,0
LF:22
LH:18
BRDA:28,0,0,1
BRDA:28,0,1,0
BRF:2
BRH:1
end_of_record
TN:
SF:src\ThemeContext.js
FN:4,(anonymous_0)
FNF:1
FNH:0
FNDA:0,(anonymous_0)
DA:4,1
LF:1
LH:1
BRF:0
BRH:0
end_of_record
TN:
SF:src\useDropdown.js
FN:4,(anonymous_0)
FN:9,(anonymous_1)
FN:17,(anonymous_2)
FN:18,(anonymous_3)
FN:22,(anonymous_4)
FNF:5
FNH:3
FNDA:6,(anonymous_0)
FNDA:6,(anonymous_1)
FNDA:0,(anonymous_2)
FNDA:0,(anonymous_3)
FNDA:23,(anonymous_4)
DA:4,1
DA:5,6
DA:6,6
DA:9,6
DA:10,6
DA:17,0
DA:18,0
DA:23,23
DA:31,6
LF:9
LH:7
BRF:0
BRH:0
end_of_record
